#
# A fatal error has been detected by the Java Runtime Environment:
#
#  EXCEPTION_ACCESS_VIOLATION (0xc0000005) at pc=0x00007ff92f690c20, pid=4344, tid=4716
#
# JRE version: Java(TM) SE Runtime Environment (8.0_25-b18) (build 1.8.0_25-b18)
# Java VM: Java HotSpot(TM) 64-Bit Server VM (25.25-b02 mixed mode windows-amd64 compressed oops)
# Problematic frame:
# C  0x00007ff92f690c20
#
# Failed to write core dump. Minidumps are not enabled by default on client versions of Windows
#
# If you would like to submit a bug report, please visit:
#   http://bugreport.sun.com/bugreport/crash.jsp
# The crash happened outside the Java Virtual Machine in native code.
# See problematic frame for where to report the bug.
#

---------------  T H R E A D  ---------------

Current thread (0x00000177fe602000):  JavaThread "AWT-EventQueue-1" [_thread_in_native, id=4716, stack(0x0000004195100000,0x0000004195600000)]

siginfo: ExceptionCode=0xc0000005, reading address 0xffffffffffffffff

Registers:
RAX=0x0000a0914756f0cf, RBX=0x0000017788bf55a8, RCX=0x6f23363538363632, RDX=0x00000041955fac58
RSP=0x00000041955faad8, RBP=0x00000041955fac48, RSI=0x0000000000000001, RDI=0x0000017784378bf0
R8 =0x0000017786b4c150, R9 =0x000000000000000a, R10=0x00000177e6f66c2f, R11=0x000000006c652810
R12=0x0000000000000000, R13=0x0000017788bf55a8, R14=0x00000041955fac70, R15=0x00000177fe602000
RIP=0x00007ff92f690c20, EFLAGS=0x0000000000010202

Top of Stack: (sp=0x00000041955faad8)
0x00000041955faad8:   00007ff9105cc03b 00000007020e9e80
0x00000041955faae8:   0000000000000000 00000041955fabf8
0x00000041955faaf8:   00000000002100f4 0000017788bf55a8
0x00000041955fab08:   00007ff9106fe8bf 0000000000000000
0x00000041955fab18:   00000177e7fd68ec 00000007bf628730
0x00000041955fab28:   00000007bd943f88 00000177fe6021e8
0x00000041955fab38:   000000006c3583a3 fffffffffffffffe
0x00000041955fab48:   00000007019e8ca8 00000007bd943228
0x00000041955fab58:   0000000000000000 00000041955fac40
0x00000041955fab68:   00000177e74499d4 0000000000000000
0x00000041955fab78:   00000177e773da9c 0000000000000000
0x00000041955fab88:   00000177e8da9844 fffffffffffffffe
0x00000041955fab98:   00000177ff63dee8 0000000703f5ad68
0x00000041955faba8:   00000007019e8ca8 00000007bd943f88
0x00000041955fabb8:   0000a0914756f0cf 00000007bf628730
0x00000041955fabc8:   00000177e6f66c5b 00000041955fac40 

Instructions: (pc=0x00007ff92f690c20)
0x00007ff92f690c00:   48 8b 89 00 02 00 00 e9 94 8c 02 00 cc cc cc cc
0x00007ff92f690c10:   48 8b 89 00 02 00 00 e9 94 8c 02 00 cc cc cc cc
0x00007ff92f690c20:   48 8b 89 d0 01 00 00 48 85 c9 0f 85 30 98 02 00
0x00007ff92f690c30:   32 c0 c3 cc cc cc cc cc cc cc cc cc cc cc cc cc 


Register to memory mapping:

RAX=0x0000a0914756f0cf is an unknown value
RBX={method} {0x0000017788bf55b0} 'HWDevice_isXicomCfgMemSupported' '(J)Z' in 'ui/data/labtools/lthwdatai'
RCX=0x6f23363538363632 is an unknown value
RDX=0x00000041955fac58 is pointing into the stack for thread: 0x00000177fe602000
RSP=0x00000041955faad8 is pointing into the stack for thread: 0x00000177fe602000
RBP=0x00000041955fac48 is pointing into the stack for thread: 0x00000177fe602000
RSI=0x0000000000000001 is an unknown value
RDI=0x0000017784378bf0 is pointing into metadata
R8 =0x0000017786b4c150 is an unknown value
R9 =0x000000000000000a is an unknown value
R10=0x00000177e6f66c2f is at code_begin+911 in an Interpreter codelet
method entry point (kind = native)  [0x00000177e6f668a0, 0x00000177e6f672c0]  2592 bytes
R11=0x000000006c652810 is an unknown value
R12=0x0000000000000000 is an unknown value
R13={method} {0x0000017788bf55b0} 'HWDevice_isXicomCfgMemSupported' '(J)Z' in 'ui/data/labtools/lthwdatai'
R14=0x00000041955fac70 is pointing into the stack for thread: 0x00000177fe602000
R15=0x00000177fe602000 is a thread


Stack: [0x0000004195100000,0x0000004195600000],  sp=0x00000041955faad8,  free space=5098k
Native frames: (J=compiled Java code, j=interpreted, Vv=VM code, C=native code)
C  0x00007ff92f690c20

Java frames: (J=compiled Java code, j=interpreted, Vv=VM code)
j  ui.data.labtools.lthwdatai.HWDevice_isXicomCfgMemSupported(J)Z+0
j  ui.data.labtools.a.bdn()Z+4
j  ui.views.b.m.d.a.aY()Z+22
j  ui.views.b.m.d.d.l(Lui/views/J/e;)Z+1
J 12192 C2 ui.views.J.n.k(Lui/views/J/W;)Z (51 bytes) @ 0x00000177e763e750 [0x00000177e763e340+0x410]
J 11858 C2 ui.views.J.j.getTreeCellRendererComponent(Ljavax/swing/JTree;Ljava/lang/Object;ZZZIZ)Ljava/awt/Component; (433 bytes) @ 0x00000177e923b0f8 [0x00000177e9239200+0x1ef8]
J 11850 C1 org.jdesktop.swingx.JXTree$DelegatingRenderer.getTreeCellRendererComponent(Ljavax/swing/JTree;Ljava/lang/Object;ZZZIZ)Ljava/awt/Component; (75 bytes) @ 0x00000177e7dd22dc [0x00000177e7dd21a0+0x13c]
J 12189 C2 javax.swing.plaf.basic.BasicTreeUI$NodeDimensionsHandler.getNodeDimensions(Ljava/lang/Object;IIZLjava/awt/Rectangle;)Ljava/awt/Rectangle; (297 bytes) @ 0x00000177e7bdb0d0 [0x00000177e7bdafc0+0x110]
J 5530 C1 javax.swing.tree.VariableHeightLayoutCache$TreeStateNode.updatePreferredSize(I)V (142 bytes) @ 0x00000177e80157ac [0x00000177e80151c0+0x5ec]
J 7593 C1 javax.swing.tree.VariableHeightLayoutCache$TreeStateNode.expand(Z)V (532 bytes) @ 0x00000177e8740904 [0x00000177e873f6a0+0x1264]
J 9952 C1 javax.swing.tree.VariableHeightLayoutCache.ensurePathIsExpanded(Ljavax/swing/tree/TreePath;Z)V (56 bytes) @ 0x00000177e74dd84c [0x00000177e74dcd80+0xacc]
J 9512 C1 javax.swing.tree.VariableHeightLayoutCache.setExpandedState(Ljavax/swing/tree/TreePath;Z)V (38 bytes) @ 0x00000177e8280644 [0x00000177e827fcc0+0x984]
J 12349 C1 javax.swing.plaf.basic.BasicTreeUI.updateExpandedDescendants(Ljavax/swing/tree/TreePath;)V (73 bytes) @ 0x00000177e918e174 [0x00000177e918df60+0x214]
J 6956 C1 javax.swing.plaf.basic.BasicTreeUI$Handler.treeExpanded(Ljavax/swing/event/TreeExpansionEvent;)V (28 bytes) @ 0x00000177e8497c2c [0x00000177e8497a80+0x1ac]
J 6970 C1 javax.swing.JTree.fireTreeExpanded(Ljavax/swing/tree/TreePath;)V (107 bytes) @ 0x00000177e84a5a14 [0x00000177e84a56e0+0x334]
J 6905 C1 javax.swing.JTree.setExpandedState(Ljavax/swing/tree/TreePath;Z)V (422 bytes) @ 0x00000177e843e4a4 [0x00000177e843ad00+0x37a4]
J 6984 C1 javax.swing.JTree.expandPath(Ljavax/swing/tree/TreePath;)V (33 bytes) @ 0x00000177e849f684 [0x00000177e849f360+0x324]
j  ui.g.i.v.Y.N(Ljava/util/List;)V+65
j  ui.g.i.v.Y.cvv()V+17
j  ui.views.J.u.update()V+18
j  ui.views.J.G.update()V+4
j  ui.views.J.W.fgw()V+11
j  ui.views.J.W.a(Lui/frmwork/a/g;)V+237
j  ui.frmwork.a.j.d(Lui/frmwork/a/g;)V+52
j  ui.frmwork.HTclEventBroker.i(JZ)V+352
J 12020 C1 ui.frmwork.HTclEventBroker.fireTclEvent(J)I (111 bytes) @ 0x00000177e7963514 [0x00000177e7962a40+0xad4]
v  ~StubRoutines::call_stub
j  ui.data.labtools.ltcmdsi.LTTTCommands_closeHardware(Z)V+0
j  ui.a.i.s(Z)V+25
j  ui.views.J.b.run()V+146
j  ui.views.J.aB.a(Lui/views/cw;Ljava/lang/Runnable;)V+27
j  ui.views.J.a.p(Lui/views/J/e;)V+256
j  ui.views.J.bj.actionPerformed(Ljava/awt/event/ActionEvent;)V+169
j  javax.swing.AbstractButton.fireActionPerformed(Ljava/awt/event/ActionEvent;)V+83
j  ui.g.i.b.l.fireActionPerformed(Ljava/awt/event/ActionEvent;)V+7
j  javax.swing.AbstractButton$Handler.actionPerformed(Ljava/awt/event/ActionEvent;)V+5
j  javax.swing.DefaultButtonModel.fireActionPerformed(Ljava/awt/event/ActionEvent;)V+34
j  javax.swing.DefaultButtonModel.setPressed(Z)V+117
j  javax.swing.plaf.basic.BasicButtonListener.mouseReleased(Ljava/awt/event/MouseEvent;)V+35
j  com.jidesoft.plaf.basic.BasicJideButtonListener.mouseReleased(Ljava/awt/event/MouseEvent;)V+61
j  java.awt.AWTEventMulticaster.mouseReleased(Ljava/awt/event/MouseEvent;)V+8
j  java.awt.AWTEventMulticaster.mouseReleased(Ljava/awt/event/MouseEvent;)V+8
J 10351 C1 java.awt.Component.processMouseEvent(Ljava/awt/event/MouseEvent;)V (100 bytes) @ 0x00000177e82f5cbc [0x00000177e82f5920+0x39c]
J 10350 C1 javax.swing.JComponent.processMouseEvent(Ljava/awt/event/MouseEvent;)V (27 bytes) @ 0x00000177e80798bc [0x00000177e80796a0+0x21c]
J 8742 C2 java.awt.Container.processEvent(Ljava/awt/AWTEvent;)V (22 bytes) @ 0x00000177e8a03408 [0x00000177e8a032a0+0x168]
J 10848 C1 java.awt.Component.dispatchEventImpl(Ljava/awt/AWTEvent;)V (883 bytes) @ 0x00000177e903c4f4 [0x00000177e9036fe0+0x5514]
J 10717 C2 java.awt.Container.dispatchEventImpl(Ljava/awt/AWTEvent;)V (129 bytes) @ 0x00000177e8f9d9b8 [0x00000177e8f9d960+0x58]
J 9547 C2 java.awt.LightweightDispatcher.retargetMouseEvent(Ljava/awt/Component;ILjava/awt/event/MouseEvent;)V (350 bytes) @ 0x00000177e8233150 [0x00000177e8232ca0+0x4b0]
J 9072 C1 java.awt.LightweightDispatcher.processMouseEvent(Ljava/awt/event/MouseEvent;)Z (301 bytes) @ 0x00000177e8be00dc [0x00000177e8bdede0+0x12fc]
J 10717 C2 java.awt.Container.dispatchEventImpl(Ljava/awt/AWTEvent;)V (129 bytes) @ 0x00000177e8f9dd34 [0x00000177e8f9d960+0x3d4]
J 8344 C1 java.awt.Window.dispatchEventImpl(Ljava/awt/AWTEvent;)V (23 bytes) @ 0x00000177e72daa64 [0x00000177e72da480+0x5e4]
J 8949 C2 java.awt.EventQueue$3.run()Ljava/lang/Object; (5 bytes) @ 0x00000177e77b5b8c [0x00000177e77b5760+0x42c]
v  ~StubRoutines::call_stub
J 1506  java.security.AccessController.doPrivileged(Ljava/security/PrivilegedAction;Ljava/security/AccessControlContext;)Ljava/lang/Object; (0 bytes) @ 0x00000177e726aee6 [0x00000177e726ae80+0x66]
J 8304 C2 java.security.ProtectionDomain$1.doIntersectionPrivilege(Ljava/security/PrivilegedAction;Ljava/security/AccessControlContext;Ljava/security/AccessControlContext;)Ljava/lang/Object; (32 bytes) @ 0x00000177e822fd14 [0x00000177e822fc40+0xd4]
J 6621 C1 java.awt.EventQueue$4.run()Ljava/lang/Object; (5 bytes) @ 0x00000177e83597fc [0x00000177e8359420+0x3dc]
v  ~StubRoutines::call_stub
J 1506  java.security.AccessController.doPrivileged(Ljava/security/PrivilegedAction;Ljava/security/AccessControlContext;)Ljava/lang/Object; (0 bytes) @ 0x00000177e726aee6 [0x00000177e726ae80+0x66]
J 8952 C2 ui.frmwork.a.e.dispatchEvent(Ljava/awt/AWTEvent;)V (30 bytes) @ 0x00000177e807a598 [0x00000177e807a140+0x458]
J 11044 C2 java.awt.EventDispatchThread.pumpOneEventForFilters(I)V (295 bytes) @ 0x00000177e908434c [0x00000177e9083f60+0x3ec]
J 12224% C2 java.awt.EventDispatchThread.pumpEventsForFilter(ILjava/awt/Conditional;Ljava/awt/EventFilter;)V (47 bytes) @ 0x00000177e8ccfccc [0x00000177e8ccfb80+0x14c]
j  java.awt.EventDispatchThread.pumpEventsForHierarchy(ILjava/awt/Conditional;Ljava/awt/Component;)V+11
j  java.awt.EventDispatchThread.pumpEvents(ILjava/awt/Conditional;)V+4
j  java.awt.EventDispatchThread.pumpEvents(Ljava/awt/Conditional;)V+3
j  java.awt.EventDispatchThread.run()V+9
v  ~StubRoutines::call_stub

---------------  P R O C E S S  ---------------

Java Threads: ( => current thread )
  0x00000177869bf800 JavaThread "Image Fetcher 0" daemon [_thread_blocked, id=11620, stack(0x0000004200e00000,0x0000004201300000)]
  0x0000017784ece000 JavaThread "Thread-247" [_thread_in_native, id=7668, stack(0x00000041db200000,0x00000041db300000)]
  0x000001778575d000 JavaThread "Monitor File Timestamp" [_thread_blocked, id=904, stack(0x00000041a0000000,0x00000041a0500000)]
  0x0000017781ccf800 JavaThread "hw_ila_monitor" [_thread_blocked, id=344, stack(0x000000419b000000,0x000000419b500000)]
  0x0000017781744000 JavaThread "Update Runs" [_thread_blocked, id=9244, stack(0x000000419ab00000,0x000000419b000000)]
  0x0000017781646000 JavaThread "Refresh Filesets" [_thread_blocked, id=5408, stack(0x000000419a600000,0x000000419ab00000)]
  0x00000177827f8800 JavaThread "Swing-Shell" daemon [_thread_blocked, id=15704, stack(0x0000004197900000,0x0000004197e00000)]
  0x00000177819c1800 JavaThread "Monitor File Timestamp" [_thread_blocked, id=4576, stack(0x0000004196f00000,0x0000004197400000)]
  0x00000177e6e0c000 JavaThread "Process Messages" [_thread_blocked, id=9552, stack(0x0000004195600000,0x0000004195b00000)]
  0x00000177e6532800 JavaThread "Thread-3" [_thread_in_native, id=10048, stack(0x000000418e800000,0x000000418fc00000)]
=>0x00000177fe602000 JavaThread "AWT-EventQueue-1" [_thread_in_native, id=4716, stack(0x0000004195100000,0x0000004195600000)]
  0x00000177fe417800 JavaThread "AWT-EventQueue-0" [_thread_blocked, id=12040, stack(0x0000004194c00000,0x0000004195100000)]
  0x00000177fe603800 JavaThread "AWT-Windows" daemon [_thread_in_native, id=15632, stack(0x0000004194700000,0x0000004194c00000)]
  0x00000177fe605000 JavaThread "AWT-Shutdown" [_thread_blocked, id=9492, stack(0x0000004194200000,0x0000004194700000)]
  0x00000177fe5f1800 JavaThread "Java2D Disposer" daemon [_thread_blocked, id=4440, stack(0x0000004193d00000,0x0000004194200000)]
  0x00000177fea8f800 JavaThread "TimerQueue" daemon [_thread_blocked, id=10760, stack(0x0000004193300000,0x0000004193800000)]
  0x00000177fe177800 JavaThread "Service Thread" daemon [_thread_blocked, id=15772, stack(0x0000004192d00000,0x0000004193200000)]
  0x00000177fdfaa800 JavaThread "C1 CompilerThread2" daemon [_thread_blocked, id=1896, stack(0x0000004192c00000,0x0000004192d00000)]
  0x00000177fdfa0800 JavaThread "C2 CompilerThread1" daemon [_thread_blocked, id=15344, stack(0x0000004192b00000,0x0000004192c00000)]
  0x00000177fdfa1800 JavaThread "C2 CompilerThread0" daemon [_thread_blocked, id=5756, stack(0x0000004192a00000,0x0000004192b00000)]
  0x00000177fdfa2800 JavaThread "Attach Listener" daemon [_thread_blocked, id=6096, stack(0x0000004192500000,0x0000004192a00000)]
  0x00000177fdfad800 JavaThread "Signal Dispatcher" daemon [_thread_blocked, id=2724, stack(0x0000004192000000,0x0000004192500000)]
  0x00000177fdf3c000 JavaThread "Finalizer" daemon [_thread_blocked, id=13452, stack(0x0000004191b00000,0x0000004192000000)]
  0x00000177fdf3d000 JavaThread "Reference Handler" daemon [_thread_blocked, id=5304, stack(0x0000004191600000,0x0000004191b00000)]
  0x00000177e3be6000 JavaThread "main" [_thread_blocked, id=3068, stack(0x0000004191000000,0x0000004191100000)]

Other Threads:
  0x00000177fdda1000 VMThread [stack: 0x0000004191500000,0x0000004191600000] [id=13288]
  0x00000177fe175800 WatcherThread [stack: 0x0000004193200000,0x0000004193300000] [id=14544]

VM state:not at safepoint (normal execution)

VM Mutex/Monitor currently owned by a thread: None

Heap:
 PSYoungGen      total 51712K, used 25780K [0x00000007bc400000, 0x00000007c0000000, 0x00000007c0000000)
  eden space 41472K, 52% used [0x00000007bc400000,0x00000007bd959428,0x00000007bec80000)
  from space 10240K, 38% used [0x00000007bf600000,0x00000007bf9d3ca0,0x00000007c0000000)
  to   space 9728K, 0% used [0x00000007bec80000,0x00000007bec80000,0x00000007bf600000)
 ParOldGen       total 80896K, used 69771K [0x0000000700000000, 0x0000000704f00000, 0x00000007bc400000)
  object space 80896K, 86% used [0x0000000700000000,0x0000000704422d20,0x0000000704f00000)
 Metaspace       used 54545K, capacity 54861K, committed 55424K, reserved 1097728K
  class space    used 7694K, capacity 7765K, committed 7808K, reserved 1048576K

Card table byte_map: [0x00000177f6310000,0x00000177f6920000] byte_map_base: 0x00000177f2b10000

Marking Bits: (ParMarkBitMap*) 0x000000006cc1d490
 Begin Bits: [0x00000177f6f10000, 0x00000177f9f10000)
 End Bits:   [0x00000177f9f10000, 0x00000177fcf10000)

Polling page: 0x00000177e3ed0000

CodeCache: size=245760Kb used=36705Kb max_used=36705Kb free=209054Kb
 bounds [0x00000177e6f50000, 0x00000177e9370000, 0x00000177f5f50000]
 total_blobs=10446 nmethods=9631 adapters=722
 compilation: enabled

Compilation events (10 events):
Event: 3096.917 Thread 0x00000177fdfaa800 12358       3       java.util.Collections::emptySet (4 bytes)
Event: 3096.917 Thread 0x00000177fdfaa800 nmethod 12358 0x00000177e8ad2d90 code [0x00000177e8ad2ee0, 0x00000177e8ad3018]
Event: 3096.920 Thread 0x00000177fdfaa800 12359       3       javax.swing.table.AbstractTableModel::fireTableDataChanged (13 bytes)
Event: 3096.920 Thread 0x00000177fdfaa800 nmethod 12359 0x00000177e7da4e10 code [0x00000177e7da4fc0, 0x00000177e7da54e0]
Event: 3096.920 Thread 0x00000177fdfaa800 12360       3       ui.views.cP::ecl (14 bytes)
Event: 3096.921 Thread 0x00000177fdfaa800 nmethod 12360 0x00000177e8879e50 code [0x00000177e8879fc0, 0x00000177e887a2d0]
Event: 3096.921 Thread 0x00000177fdfaa800 12361       3       javax.swing.JEditorPane$HeaderParser::parse (492 bytes)
Event: 3096.925 Thread 0x00000177fdfaa800 nmethod 12361 0x00000177e935f4d0 code [0x00000177e935f940, 0x00000177e9362ab0]
Event: 3096.938 Thread 0x00000177fdfaa800 12362       3       java.util.Collections$SingletonList::contains (9 bytes)
Event: 3096.939 Thread 0x00000177fdfaa800 nmethod 12362 0x00000177e7da4850 code [0x00000177e7da49c0, 0x00000177e7da4cf0]

GC Heap History (10 events):
Event: 1561.288 GC heap before
{Heap before GC invocations=65 (full 5):
 PSYoungGen      total 48640K, used 35840K [0x00000007bc400000, 0x00000007c0000000, 0x00000007c0000000)
  eden space 35840K, 100% used [0x00000007bc400000,0x00000007be700000,0x00000007be700000)
  from space 12800K, 0% used [0x00000007be700000,0x00000007be700000,0x00000007bf380000)
  to   space 12800K, 0% used [0x00000007bf380000,0x00000007bf380000,0x00000007c0000000)
 ParOldGen       total 80896K, used 69763K [0x0000000700000000, 0x0000000704f00000, 0x00000007bc400000)
  object space 80896K, 86% used [0x0000000700000000,0x0000000704420d20,0x0000000704f00000)
 Metaspace       used 54206K, capacity 54477K, committed 54912K, reserved 1095680K
  class space    used 7681K, capacity 7765K, committed 7808K, reserved 1048576K
Event: 1561.297 GC heap after
Heap after GC invocations=65 (full 5):
 PSYoungGen      total 49664K, used 2425K [0x00000007bc400000, 0x00000007c0000000, 0x00000007c0000000)
  eden space 36864K, 0% used [0x00000007bc400000,0x00000007bc400000,0x00000007be800000)
  from space 12800K, 18% used [0x00000007bf380000,0x00000007bf5de758,0x00000007c0000000)
  to   space 11776K, 0% used [0x00000007be800000,0x00000007be800000,0x00000007bf380000)
 ParOldGen       total 80896K, used 69771K [0x0000000700000000, 0x0000000704f00000, 0x00000007bc400000)
  object space 80896K, 86% used [0x0000000700000000,0x0000000704422d20,0x0000000704f00000)
 Metaspace       used 54206K, capacity 54477K, committed 54912K, reserved 1095680K
  class space    used 7681K, capacity 7765K, committed 7808K, reserved 1048576K
}
Event: 1804.641 GC heap before
{Heap before GC invocations=66 (full 5):
 PSYoungGen      total 49664K, used 39289K [0x00000007bc400000, 0x00000007c0000000, 0x00000007c0000000)
  eden space 36864K, 100% used [0x00000007bc400000,0x00000007be800000,0x00000007be800000)
  from space 12800K, 18% used [0x00000007bf380000,0x00000007bf5de758,0x00000007c0000000)
  to   space 11776K, 0% used [0x00000007be800000,0x00000007be800000,0x00000007bf380000)
 ParOldGen       total 80896K, used 69771K [0x0000000700000000, 0x0000000704f00000, 0x00000007bc400000)
  object space 80896K, 86% used [0x0000000700000000,0x0000000704422d20,0x0000000704f00000)
 Metaspace       used 54299K, capacity 54605K, committed 55168K, reserved 1097728K
  class space    used 7684K, capacity 7765K, committed 7808K, reserved 1048576K
Event: 1804.651 GC heap after
Heap after GC invocations=66 (full 5):
 PSYoungGen      total 48640K, used 3119K [0x00000007bc400000, 0x00000007c0000000, 0x00000007c0000000)
  eden space 36864K, 0% used [0x00000007bc400000,0x00000007bc400000,0x00000007be800000)
  from space 11776K, 26% used [0x00000007be800000,0x00000007beb0bca0,0x00000007bf380000)
  to   space 11264K, 0% used [0x00000007bf500000,0x00000007bf500000,0x00000007c0000000)
 ParOldGen       total 80896K, used 69771K [0x0000000700000000, 0x0000000704f00000, 0x00000007bc400000)
  object space 80896K, 86% used [0x0000000700000000,0x0000000704422d20,0x0000000704f00000)
 Metaspace       used 54299K, capacity 54605K, committed 55168K, reserved 1097728K
  class space    used 7684K, capacity 7765K, committed 7808K, reserved 1048576K
}
Event: 2173.492 GC heap before
{Heap before GC invocations=67 (full 5):
 PSYoungGen      total 48640K, used 39983K [0x00000007bc400000, 0x00000007c0000000, 0x00000007c0000000)
  eden space 36864K, 100% used [0x00000007bc400000,0x00000007be800000,0x00000007be800000)
  from space 11776K, 26% used [0x00000007be800000,0x00000007beb0bca0,0x00000007bf380000)
  to   space 11264K, 0% used [0x00000007bf500000,0x00000007bf500000,0x00000007c0000000)
 ParOldGen       total 80896K, used 69771K [0x0000000700000000, 0x0000000704f00000, 0x00000007bc400000)
  object space 80896K, 86% used [0x0000000700000000,0x0000000704422d20,0x0000000704f00000)
 Metaspace       used 54498K, capacity 54797K, committed 55424K, reserved 1097728K
  class space    used 7690K, capacity 7765K, committed 7808K, reserved 1048576K
Event: 2173.510 GC heap after
Heap after GC invocations=67 (full 5):
 PSYoungGen      total 50688K, used 3631K [0x00000007bc400000, 0x00000007c0000000, 0x00000007c0000000)
  eden space 39424K, 0% used [0x00000007bc400000,0x00000007bc400000,0x00000007bea80000)
  from space 11264K, 32% used [0x00000007bf500000,0x00000007bf88bca0,0x00000007c0000000)
  to   space 10752K, 0% used [0x00000007bea80000,0x00000007bea80000,0x00000007bf500000)
 ParOldGen       total 80896K, used 69771K [0x0000000700000000, 0x0000000704f00000, 0x00000007bc400000)
  object space 80896K, 86% used [0x0000000700000000,0x0000000704422d20,0x0000000704f00000)
 Metaspace       used 54498K, capacity 54797K, committed 55424K, reserved 1097728K
  class space    used 7690K, capacity 7765K, committed 7808K, reserved 1048576K
}
Event: 2603.970 GC heap before
{Heap before GC invocations=68 (full 5):
 PSYoungGen      total 50688K, used 43055K [0x00000007bc400000, 0x00000007c0000000, 0x00000007c0000000)
  eden space 39424K, 100% used [0x00000007bc400000,0x00000007bea80000,0x00000007bea80000)
  from space 11264K, 32% used [0x00000007bf500000,0x00000007bf88bca0,0x00000007c0000000)
  to   space 10752K, 0% used [0x00000007bea80000,0x00000007bea80000,0x00000007bf500000)
 ParOldGen       total 80896K, used 69771K [0x0000000700000000, 0x0000000704f00000, 0x00000007bc400000)
  object space 80896K, 86% used [0x0000000700000000,0x0000000704422d20,0x0000000704f00000)
 Metaspace       used 54516K, capacity 54797K, committed 55424K, reserved 1097728K
  class space    used 7690K, capacity 7765K, committed 7808K, reserved 1048576K
Event: 2603.991 GC heap after
Heap after GC invocations=68 (full 5):
 PSYoungGen      total 50176K, used 3855K [0x00000007bc400000, 0x00000007c0000000, 0x00000007c0000000)
  eden space 39424K, 0% used [0x00000007bc400000,0x00000007bc400000,0x00000007bea80000)
  from space 10752K, 35% used [0x00000007bea80000,0x00000007bee43ca0,0x00000007bf500000)
  to   space 10240K, 0% used [0x00000007bf600000,0x00000007bf600000,0x00000007c0000000)
 ParOldGen       total 80896K, used 69771K [0x0000000700000000, 0x0000000704f00000, 0x00000007bc400000)
  object space 80896K, 86% used [0x0000000700000000,0x0000000704422d20,0x0000000704f00000)
 Metaspace       used 54516K, capacity 54797K, committed 55424K, reserved 1097728K
  class space    used 7690K, capacity 7765K, committed 7808K, reserved 1048576K
}
Event: 3043.759 GC heap before
{Heap before GC invocations=69 (full 5):
 PSYoungGen      total 50176K, used 43279K [0x00000007bc400000, 0x00000007c0000000, 0x00000007c0000000)
  eden space 39424K, 100% used [0x00000007bc400000,0x00000007bea80000,0x00000007bea80000)
  from space 10752K, 35% used [0x00000007bea80000,0x00000007bee43ca0,0x00000007bf500000)
  to   space 10240K, 0% used [0x00000007bf600000,0x00000007bf600000,0x00000007c0000000)
 ParOldGen       total 80896K, used 69771K [0x0000000700000000, 0x0000000704f00000, 0x00000007bc400000)
  object space 80896K, 86% used [0x0000000700000000,0x0000000704422d20,0x0000000704f00000)
 Metaspace       used 54516K, capacity 54797K, committed 55424K, reserved 1097728K
  class space    used 7690K, capacity 7765K, committed 7808K, reserved 1048576K
Event: 3043.780 GC heap after
Heap after GC invocations=69 (full 5):
 PSYoungGen      total 51712K, used 3919K [0x00000007bc400000, 0x00000007c0000000, 0x00000007c0000000)
  eden space 41472K, 0% used [0x00000007bc400000,0x00000007bc400000,0x00000007bec80000)
  from space 10240K, 38% used [0x00000007bf600000,0x00000007bf9d3ca0,0x00000007c0000000)
  to   space 9728K, 0% used [0x00000007bec80000,0x00000007bec80000,0x00000007bf600000)
 ParOldGen       total 80896K, used 69771K [0x0000000700000000, 0x0000000704f00000, 0x00000007bc400000)
  object space 80896K, 86% used [0x0000000700000000,0x0000000704422d20,0x0000000704f00000)
 Metaspace       used 54516K, capacity 54797K, committed 55424K, reserved 1097728K
  class space    used 7690K, capacity 7765K, committed 7808K, reserved 1048576K
}

Deoptimization events (10 events):
Event: 1558.436 Thread 0x00000177fe602000 Uncommon trap: reason=bimorphic action=maybe_recompile pc=0x00000177e918c4f8 method=javax.swing.text.PlainDocument.insertUpdate(Ljavax/swing/text/AbstractDocument$DefaultDocumentEvent;Ljavax/swing/text/AttributeSet;)V @ 15
Event: 1558.436 Thread 0x00000177fe602000 Uncommon trap: reason=bimorphic action=maybe_recompile pc=0x00000177e918c4f8 method=javax.swing.text.PlainDocument.insertUpdate(Ljavax/swing/text/AbstractDocument$DefaultDocumentEvent;Ljavax/swing/text/AttributeSet;)V @ 15
Event: 1558.558 Thread 0x00000177fe602000 Uncommon trap: reason=unreached action=reinterpret pc=0x00000177e8d47db0 method=com.jidesoft.grid.CellStyleTable.a(IILjava/awt/Component;Lcom/jidesoft/grid/CellStyle;Z)V @ 133
Event: 1558.558 Thread 0x00000177fe602000 Uncommon trap: reason=unreached action=reinterpret pc=0x00000177e930244c method=ui.b.b.H.isSelectedIndex(I)Z @ 62
Event: 2172.649 Thread 0x0000017784ece000 Uncommon trap: reason=unreached action=reinterpret pc=0x00000177e8275db8 method=java.security.AccessControlContext.optimize()Ljava/security/AccessControlContext; @ 49
Event: 2173.200 Thread 0x00000177fe602000 Uncommon trap: reason=class_check action=maybe_recompile pc=0x00000177e8c83ad4 method=java.util.HashMap.removeNode(ILjava/lang/Object;Ljava/lang/Object;ZZ)Ljava/util/HashMap$Node; @ 68
Event: 2173.215 Thread 0x00000177fe602000 Uncommon trap: reason=unreached action=reinterpret pc=0x00000177e75072b4 method=java.util.Collections.eq(Ljava/lang/Object;Ljava/lang/Object;)Z @ 1
Event: 3095.369 Thread 0x00000177fe602000 Uncommon trap: reason=unreached action=reinterpret pc=0x00000177e8639c9c method=javax.swing.text.html.parser.Parser.parseContent()V @ 711
Event: 3096.904 Thread 0x00000177fe602000 Uncommon trap: reason=class_check action=maybe_recompile pc=0x00000177e8c83ad4 method=java.util.HashMap.removeNode(ILjava/lang/Object;Ljava/lang/Object;ZZ)Ljava/util/HashMap$Node; @ 68
Event: 3096.904 Thread 0x00000177fe602000 Uncommon trap: reason=class_check action=maybe_recompile pc=0x00000177e8c83ad4 method=java.util.HashMap.removeNode(ILjava/lang/Object;Ljava/lang/Object;ZZ)Ljava/util/HashMap$Node; @ 68

Internal exceptions (10 events):
Event: 3093.805 Thread 0x00000177fe602000 Exception <a 'java/io/FileNotFoundException'> (0x00000007bc8cd618) thrown at [D:\re\workspace\8-2-build-windows-amd64-cygwin\jdk8u25\1677\hotspot\src\share\vm\prims\jni.cpp, line 716]
Event: 3095.367 Thread 0x00000177fe602000 Exception <a 'java/security/PrivilegedActionException'> (0x00000007bd186d20) thrown at [D:\re\workspace\8-2-build-windows-amd64-cygwin\jdk8u25\1677\hotspot\src\share\vm\prims\jvm.cpp, line 1312]
Event: 3095.369 Thread 0x00000177fe602000 Implicit null exception at 0x00000177e8638eeb to 0x00000177e8639c8d
Event: 3096.575 Thread 0x00000177fe602000 Exception <a 'java/security/PrivilegedActionException'> (0x00000007bd5dd240) thrown at [D:\re\workspace\8-2-build-windows-amd64-cygwin\jdk8u25\1677\hotspot\src\share\vm\prims\jvm.cpp, line 1312]
Event: 3096.576 Thread 0x00000177fe602000 Exception <a 'java/security/PrivilegedActionException'> (0x00000007bd5e2178) thrown at [D:\re\workspace\8-2-build-windows-amd64-cygwin\jdk8u25\1677\hotspot\src\share\vm\prims\jvm.cpp, line 1312]
Event: 3096.577 Thread 0x00000177fe602000 Exception <a 'java/security/PrivilegedActionException'> (0x00000007bd5e62f8) thrown at [D:\re\workspace\8-2-build-windows-amd64-cygwin\jdk8u25\1677\hotspot\src\share\vm\prims\jvm.cpp, line 1312]
Event: 3096.894 Thread 0x00000177fe602000 Exception <a 'java/security/PrivilegedActionException'> (0x00000007bd5eb388) thrown at [D:\re\workspace\8-2-build-windows-amd64-cygwin\jdk8u25\1677\hotspot\src\share\vm\prims\jvm.cpp, line 1312]
Event: 3096.895 Thread 0x00000177fe602000 Exception <a 'java/security/PrivilegedActionException'> (0x00000007bd5ef690) thrown at [D:\re\workspace\8-2-build-windows-amd64-cygwin\jdk8u25\1677\hotspot\src\share\vm\prims\jvm.cpp, line 1312]
Event: 3096.915 Thread 0x00000177fe602000 Exception <a 'java/security/PrivilegedActionException'> (0x00000007bd63e0e0) thrown at [D:\re\workspace\8-2-build-windows-amd64-cygwin\jdk8u25\1677\hotspot\src\share\vm\prims\jvm.cpp, line 1312]
Event: 3096.937 Thread 0x00000177fe602000 Exception <a 'java/security/PrivilegedActionException'> (0x00000007bd70e920) thrown at [D:\re\workspace\8-2-build-windows-amd64-cygwin\jdk8u25\1677\hotspot\src\share\vm\prims\jvm.cpp, line 1312]

Events (10 events):
Event: 3096.904 Thread 0x00000177fe602000 Uncommon trap: trap_request=0xffffffde fr.pc=0x00000177e8c83ad4
Event: 3096.904 Thread 0x00000177fe602000 DEOPT PACKING pc=0x00000177e8c83ad4 sp=0x00000041955fb7c0
Event: 3096.904 Thread 0x00000177fe602000 DEOPT UNPACKING pc=0x00000177e6f95572 sp=0x00000041955fb6b8 mode 2
Event: 3096.904 Thread 0x00000177fe602000 Uncommon trap: trap_request=0xffffffde fr.pc=0x00000177e8c83ad4
Event: 3096.904 Thread 0x00000177fe602000 DEOPT PACKING pc=0x00000177e8c83ad4 sp=0x00000041955fb7c0
Event: 3096.904 Thread 0x00000177fe602000 DEOPT UNPACKING pc=0x00000177e6f95572 sp=0x00000041955fb6b8 mode 2
Event: 3096.915 loading class ui/views/q/c/u
Event: 3096.915 loading class ui/views/q/c/u done
Event: 3096.937 loading class ui/project/x
Event: 3096.937 loading class ui/project/x done


Dynamic libraries:
0x00007ff6137e0000 - 0x00007ff61381d000 	C:\Xilinx\Vivado\2015.2\bin\unwrapped\win64.o\vivado.exe
0x00007ff95f0d0000 - 0x00007ff95f2a1000 	C:\WINDOWS\SYSTEM32\ntdll.dll
0x00007ff95c8b0000 - 0x00007ff95c95b000 	C:\WINDOWS\System32\KERNEL32.DLL
0x00007ff95b760000 - 0x00007ff95b97d000 	C:\WINDOWS\System32\KERNELBASE.dll
0x000000000a900000 - 0x000000000a98d000 	C:\Xilinx\Vivado\2015.2\lib\win64.o\SHSMP64.dll
0x00007ff952a60000 - 0x00007ff952a73000 	C:\Xilinx\Vivado\2015.2\lib\win64.o\libboost_signals.dll
0x00007ff92d790000 - 0x00007ff92e0d3000 	C:\Xilinx\Vivado\2015.2\lib\win64.o\librdi_common.dll
0x00007ff952a40000 - 0x00007ff952a51000 	C:\Xilinx\Vivado\2015.2\lib\win64.o\librdi_commonmain.dll
0x00007ff93d4e0000 - 0x00007ff93d587000 	C:\WINDOWS\SYSTEM32\MSVCP110.dll
0x00007ff93c980000 - 0x00007ff93ca54000 	C:\WINDOWS\SYSTEM32\MSVCR110.dll
0x00007ff94a5c0000 - 0x00007ff94a5e2000 	C:\Xilinx\Vivado\2015.2\lib\win64.o\libboost_filesystem.dll
0x00007ff956b80000 - 0x00007ff956b89000 	C:\Xilinx\Vivado\2015.2\lib\win64.o\librdi_commonversion.dll
0x00007ff95ee20000 - 0x00007ff95eec2000 	C:\WINDOWS\System32\ADVAPI32.dll
0x00007ff95e950000 - 0x00007ff95e9ee000 	C:\WINDOWS\System32\msvcrt.dll
0x00007ff95f070000 - 0x00007ff95f0c9000 	C:\WINDOWS\System32\sechost.dll
0x00007ff95c680000 - 0x00007ff95c7a1000 	C:\WINDOWS\System32\RPCRT4.dll
0x00007ff93e770000 - 0x00007ff93e7c4000 	C:\Xilinx\Vivado\2015.2\lib\win64.o\librdi_commonxillic.dll
0x000000006d2a0000 - 0x000000006d3c7000 	C:\Xilinx\Vivado\2015.2\lib\win64.o\tcl85t.dll
0x00007ff95cd10000 - 0x00007ff95ce75000 	C:\WINDOWS\System32\USER32.dll
0x00007ff95c640000 - 0x00007ff95c65e000 	C:\WINDOWS\System32\win32u.dll
0x00007ff95d2c0000 - 0x00007ff95d2f4000 	C:\WINDOWS\System32\GDI32.dll
0x00007ff95ba80000 - 0x00007ff95bc02000 	C:\WINDOWS\System32\gdi32full.dll
0x00007ff954360000 - 0x00007ff954369000 	C:\Xilinx\Vivado\2015.2\lib\win64.o\libboost_system.dll
0x00007ff94f120000 - 0x00007ff94f12a000 	C:\WINDOWS\SYSTEM32\VERSION.dll
0x00007ff937110000 - 0x00007ff937330000 	C:\Xilinx\Vivado\2015.2\lib\win64.o\libXil_lmgr11.dll
0x00007ff95cb30000 - 0x00007ff95cb38000 	C:\WINDOWS\System32\PSAPI.DLL
0x00007ff95d440000 - 0x00007ff95e949000 	C:\WINDOWS\System32\SHELL32.dll
0x00007ff95b980000 - 0x00007ff95b9c2000 	C:\WINDOWS\System32\cfgmgr32.dll
0x00007ff95bc80000 - 0x00007ff95c35a000 	C:\WINDOWS\System32\windows.storage.dll
0x00007ff95ce80000 - 0x00007ff95d148000 	C:\WINDOWS\System32\combase.dll
0x00007ff95b660000 - 0x00007ff95b755000 	C:\WINDOWS\System32\ucrtbase.dll
0x00007ff95bc10000 - 0x00007ff95bc7a000 	C:\WINDOWS\System32\bcryptPrimitives.dll
0x00007ff95b530000 - 0x00007ff95b57c000 	C:\WINDOWS\System32\powrprof.dll
0x00007ff95c7b0000 - 0x00007ff95c802000 	C:\WINDOWS\System32\shlwapi.dll
0x00007ff95b5b0000 - 0x00007ff95b5bf000 	C:\WINDOWS\System32\kernel.appcore.dll
0x00007ff95b9d0000 - 0x00007ff95ba79000 	C:\WINDOWS\System32\shcore.dll
0x00007ff95b590000 - 0x00007ff95b5a4000 	C:\WINDOWS\System32\profapi.dll
0x00007ff93b1f0000 - 0x00007ff93b2ea000 	C:\Xilinx\Vivado\2015.2\lib\win64.o\libboost_regex.dll
0x00007ff95c960000 - 0x00007ff95c9ca000 	C:\WINDOWS\System32\WS2_32.dll
0x00007ff933020000 - 0x00007ff9332c8000 	C:\Xilinx\Vivado\2015.2\lib\win64.o\libCOIN-all.dll
0x00007ff953b60000 - 0x00007ff953b70000 	C:\Xilinx\Vivado\2015.2\lib\win64.o\libboost_date_time.dll
0x00007ff95d150000 - 0x00007ff95d24a000 	C:\WINDOWS\System32\COMDLG32.dll
0x00007ff95ca70000 - 0x00007ff95cb2f000 	C:\WINDOWS\System32\OLEAUT32.dll
0x00007ff95b5c0000 - 0x00007ff95b65c000 	C:\WINDOWS\System32\msvcp_win.dll
0x00007ff95d300000 - 0x00007ff95d437000 	C:\WINDOWS\System32\ole32.dll
0x00007ff95c5e0000 - 0x00007ff95c635000 	C:\WINDOWS\System32\WINTRUST.dll
0x00007ff95b580000 - 0x00007ff95b590000 	C:\WINDOWS\System32\MSASN1.dll
0x00007ff95c360000 - 0x00007ff95c529000 	C:\WINDOWS\System32\CRYPT32.dll
0x00007ff93d8a0000 - 0x00007ff93d914000 	C:\Xilinx\Vivado\2015.2\lib\win64.o\libboost_program_options.dll
0x00007ff952a20000 - 0x00007ff952a3d000 	C:\Xilinx\Vivado\2015.2\lib\win64.o\libboost_thread.dll
0x00007ff93d030000 - 0x00007ff93d0b0000 	C:\Xilinx\Vivado\2015.2\lib\win64.o\libhdlpsolve.dll
0x00007ff93c840000 - 0x00007ff93c8da000 	C:\Xilinx\Vivado\2015.2\lib\win64.o\libhdxml.dll
0x00007ff928e90000 - 0x00007ff92949a200 	C:\Xilinx\Vivado\2015.2\lib\win64.o\libisl_iostreams.dll
0x00007ff949b90000 - 0x00007ff949bb3000 	C:\Xilinx\Vivado\2015.2\lib\win64.o\libisl_iosutils.dll
0x00007ff941720000 - 0x00007ff94174a000 	C:\Xilinx\Vivado\2015.2\lib\win64.o\libisl_sysinfo.dll
0x000000006c440000 - 0x000000006cc9a000 	C:\Xilinx\Vivado\2015.2\tps\win64\jre\bin\server\jvm.dll
0x00007ff94c330000 - 0x00007ff94c345000 	C:\Xilinx\Vivado\2015.2\lib\win64.o\pthreadVC2.dll
0x00007ff93ad20000 - 0x00007ff93ae50000 	C:\Xilinx\Vivado\2015.2\lib\win64.o\librdi_curl.dll
0x00007ff948c70000 - 0x00007ff948c88000 	C:\Xilinx\Vivado\2015.2\lib\win64.o\librdiconfig.dll
0x00007ff941530000 - 0x00007ff941553000 	C:\Xilinx\Vivado\2015.2\lib\win64.o\librdizlib.dll
0x0000000012000000 - 0x0000000012263000 	C:\Xilinx\Vivado\2015.2\lib\win64.o\xerces-c_3_1.dll
0x00007ff9580d0000 - 0x00007ff958363000 	C:\WINDOWS\SYSTEM32\WININET.dll
0x00007ff957dc0000 - 0x00007ff957e8d000 	C:\WINDOWS\SYSTEM32\WINHTTP.dll
0x00007ff94ff10000 - 0x00007ff9500d2000 	C:\WINDOWS\SYSTEM32\urlmon.dll
0x00007ff94e860000 - 0x00007ff94e869000 	C:\WINDOWS\SYSTEM32\WSOCK32.dll
0x00007ff940a00000 - 0x00007ff940a23000 	C:\WINDOWS\SYSTEM32\VCOMP110.DLL
0x00007ff94f890000 - 0x00007ff94f8a8000 	C:\WINDOWS\SYSTEM32\NETAPI32.dll
0x00007ff9486d0000 - 0x00007ff94877c000 	C:\WINDOWS\WinSxS\amd64_microsoft.windows.common-controls_6595b64144ccf1df_5.82.14393.447_none_0d5aa7fbb6d35646\COMCTL32.dll
0x00007ff953730000 - 0x00007ff95373b000 	C:\Xilinx\Vivado\2015.2\lib\win64.o\libboost_chrono.dll
0x00007ff959400000 - 0x00007ff959423000 	C:\WINDOWS\SYSTEM32\WINMM.dll
0x000000006d580000 - 0x000000006d652000 	C:\WINDOWS\SYSTEM32\MSVCR100.dll
0x00007ff9530e0000 - 0x00007ff953383000 	C:\WINDOWS\SYSTEM32\iertutil.dll
0x00007ff9593d0000 - 0x00007ff9593fb000 	C:\WINDOWS\SYSTEM32\WINMMBASE.dll
0x00007ff946500000 - 0x00007ff946516000 	C:\Xilinx\Vivado\2015.2\lib\win64.o\libboost_iostreams.dll
0x00007ff95ca40000 - 0x00007ff95ca6e000 	C:\WINDOWS\System32\IMM32.DLL
0x00007ff928a80000 - 0x00007ff928e8a000 	C:\Xilinx\Vivado\2015.2\lib\win64.o\librdi_commontasks.dll
0x00007ff928270000 - 0x00007ff928a80000 	C:\Xilinx\Vivado\2015.2\lib\win64.o\libXil_lmgr11FNP.dll
0x00007ff95e9f0000 - 0x00007ff95ee19000 	C:\WINDOWS\System32\SETUPAPI.dll
0x00007ff95ab90000 - 0x00007ff95abc8000 	C:\WINDOWS\SYSTEM32\iphlpapi.dll
0x00007ff9487d0000 - 0x00007ff9487dc000 	C:\WINDOWS\SYSTEM32\snmpapi.dll
0x00007ff956a40000 - 0x00007ff956ac5000 	C:\WINDOWS\SYSTEM32\WINSPOOL.DRV
0x00007ff9414b0000 - 0x00007ff941515000 	C:\WINDOWS\SYSTEM32\OLEACC.dll
0x00007ff95b110000 - 0x00007ff95b13b000 	C:\WINDOWS\SYSTEM32\bcrypt.dll
0x00007ff95b000000 - 0x00007ff95b017000 	C:\WINDOWS\SYSTEM32\CRYPTSP.dll
0x00007ff95aa10000 - 0x00007ff95aa43000 	C:\WINDOWS\system32\rsaenh.dll
0x00007ff95b020000 - 0x00007ff95b02b000 	C:\WINDOWS\SYSTEM32\CRYPTBASE.dll
0x00007ff95b230000 - 0x00007ff95b25c000 	C:\WINDOWS\SYSTEM32\SspiCli.dll
0x00007ff95a170000 - 0x00007ff95a198000 	C:\WINDOWS\SYSTEM32\DEVOBJ.dll
0x00007ff959cc0000 - 0x00007ff959d55000 	C:\WINDOWS\system32\uxtheme.dll
0x00007ff945640000 - 0x00007ff945656000 	C:\WINDOWS\system32\napinsp.dll
0x00007ff95c810000 - 0x00007ff95c8af000 	C:\WINDOWS\System32\clbcatq.dll
0x00007ff945620000 - 0x00007ff94563a000 	C:\WINDOWS\system32\pnrpnsp.dll
0x00007ff9597f0000 - 0x00007ff959808000 	C:\WINDOWS\system32\NLAapi.dll
0x00007ff95ae00000 - 0x00007ff95ae5c000 	C:\WINDOWS\System32\mswsock.dll
0x00007ff95abe0000 - 0x00007ff95ac80000 	C:\WINDOWS\SYSTEM32\DNSAPI.dll
0x00007ff95ca30000 - 0x00007ff95ca38000 	C:\WINDOWS\System32\NSI.dll
0x00007ff9458b0000 - 0x00007ff9458be000 	C:\WINDOWS\System32\winrnr.dll
0x000000006d660000 - 0x000000006d686000 	C:\Program Files\Bonjour\mdnsNSP.dll
0x00007ff945550000 - 0x00007ff945565000 	C:\WINDOWS\System32\wshbth.dll
0x00007ff951130000 - 0x00007ff95119a000 	C:\WINDOWS\System32\fwpuclnt.dll
0x00007ff94dae0000 - 0x00007ff94daea000 	C:\Windows\System32\rasadhlp.dll
0x00007ff94fdb0000 - 0x00007ff94fdba000 	C:\WINDOWS\system32\wshqos.dll
0x00007ff94f200000 - 0x00007ff94f208000 	C:\WINDOWS\SYSTEM32\wshtcpip.DLL
0x00007ff94daf0000 - 0x00007ff94daf8000 	C:\WINDOWS\SYSTEM32\wship6.dll
0x00007ff95a8e0000 - 0x00007ff95a912000 	C:\WINDOWS\SYSTEM32\ntmarta.dll
0x00000177e3530000 - 0x00000177e3533000 	C:\WINDOWS\SYSTEM32\icmp.Dll
0x00007ff927cd0000 - 0x00007ff92826b000 	C:\Xilinx\Vivado\2015.2\lib\win64.o\librdi_coretasks.dll
0x00007ff939240000 - 0x00007ff93937a000 	C:\Xilinx\Vivado\2015.2\lib\win64.o\librdi_board.dll
0x00007ff932b60000 - 0x00007ff932d1e000 	C:\Xilinx\Vivado\2015.2\lib\win64.o\librdi_chipscope.dll
0x00007ff920510000 - 0x00007ff92161b000 	C:\Xilinx\Vivado\2015.2\lib\win64.o\librdi_constraints.dll
0x00007ff921620000 - 0x00007ff922e10000 	C:\Xilinx\Vivado\2015.2\lib\win64.o\librdi_coregen.dll
0x00007ff91ce80000 - 0x00007ff920505000 	C:\Xilinx\Vivado\2015.2\lib\win64.o\librdi_designutils.dll
0x00007ff913fa0000 - 0x00007ff91aa9f000 	C:\Xilinx\Vivado\2015.2\lib\win64.o\librdi_device.dll
0x00007ff927830000 - 0x00007ff927cc3000 	C:\Xilinx\Vivado\2015.2\lib\win64.o\librdi_drc.dll
0x00007ff92a0f0000 - 0x00007ff92a41d000 	C:\Xilinx\Vivado\2015.2\lib\win64.o\librdi_filemgmt.dll
0x00007ff927400000 - 0x00007ff927822000 	C:\Xilinx\Vivado\2015.2\lib\win64.o\librdi_netlist.dll
0x00007ff91b360000 - 0x00007ff91c984000 	C:\Xilinx\Vivado\2015.2\lib\win64.o\librdi_place.dll
0x00007ff91c990000 - 0x00007ff91ce71000 	C:\Xilinx\Vivado\2015.2\lib\win64.o\librdi_power.dll
0x00007ff927000000 - 0x00007ff9273fb000 	C:\Xilinx\Vivado\2015.2\lib\win64.o\librdi_project.dll
0x00007ff9400e0000 - 0x00007ff94012d000 	C:\Xilinx\Vivado\2015.2\lib\win64.o\librdi_projectbase.dll
0x00007ff91aed0000 - 0x00007ff91b360000 	C:\Xilinx\Vivado\2015.2\lib\win64.o\librdi_psta.dll
0x00007ff91aaa0000 - 0x00007ff91aec8000 	C:\Xilinx\Vivado\2015.2\lib\win64.o\librdi_rsb.dll
0x00007ff92d530000 - 0x00007ff92d786000 	C:\Xilinx\Vivado\2015.2\lib\win64.o\librdi_runs.dll
0x00007ff93e320000 - 0x00007ff93e379000 	C:\Xilinx\Vivado\2015.2\lib\win64.o\librdi_runsbase.dll
0x00007ff913690000 - 0x00007ff913f9e000 	C:\Xilinx\Vivado\2015.2\lib\win64.o\librdi_timing.dll
0x00007ff93a3a0000 - 0x00007ff93a403000 	C:\Xilinx\Vivado\2015.2\lib\win64.o\liblmx6.0.dll
0x00007ff93d480000 - 0x00007ff93d4dd000 	C:\Xilinx\Vivado\2015.2\lib\win64.o\librdi_boarddep.dll
0x00007ff911ee0000 - 0x00007ff912599000 	C:\Xilinx\Vivado\2015.2\lib\win64.o\librdi_coregenipxact.dll

VM Arguments:
jvm_args: -Dsun.java2d.pmoffscreen=false -Dsun.java2d.d3d=false -Dsun.awt.nopixfmt=true -Xverify:none -Dswing.aatext=true -XX:-UsePerfData -Djdk.map.althashing.threshold=512 -XX:StringTableSize=4072 -Djava.util.Arrays.useLegacyMergeSort=true -XX:NewSize=60m -XX:MaxNewSize=60m -Xms128m -Xmx3072m -Xss5m 
java_command: <unknown>
java_class_path (initial): C:/Xilinx/Vivado/2015.2\lib\classes\alloy.jar;C:/Xilinx/Vivado/2015.2\lib\classes\antlr-2.7.7.jar;C:/Xilinx/Vivado/2015.2\lib\classes\batik-anim.jar;C:/Xilinx/Vivado/2015.2\lib\classes\batik-awt-util.jar;C:/Xilinx/Vivado/2015.2\lib\classes\batik-bridge.jar;C:/Xilinx/Vivado/2015.2\lib\classes\batik-codec.jar;C:/Xilinx/Vivado/2015.2\lib\classes\batik-css.jar;C:/Xilinx/Vivado/2015.2\lib\classes\batik-dom.jar;C:/Xilinx/Vivado/2015.2\lib\classes\batik-ext.jar;C:/Xilinx/Vivado/2015.2\lib\classes\batik-gui-util.jar;C:/Xilinx/Vivado/2015.2\lib\classes\batik-gvt.jar;C:/Xilinx/Vivado/2015.2\lib\classes\batik-parser.jar;C:/Xilinx/Vivado/2015.2\lib\classes\batik-script.jar;C:/Xilinx/Vivado/2015.2\lib\classes\batik-svg-dom.jar;C:/Xilinx/Vivado/2015.2\lib\classes\batik-swing.jar;C:/Xilinx/Vivado/2015.2\lib\classes\batik-transcoder.jar;C:/Xilinx/Vivado/2015.2\lib\classes\batik-util.jar;C:/Xilinx/Vivado/2015.2\lib\classes\batik-xml.jar;C:/Xilinx/Vivado/2015.2\lib\classes\commons-logging.jar;C:/Xilinx/Vivado/2015.2\lib\classes\commons-math-2.2.jar;C:/Xilinx/Vivado/2015.2\lib\classes\dom4j-1.6.1.jar;C:/Xilinx/Vivado/2015.2\lib\classes\forms.jar;C:/Xilinx/Vivado/2015.2\lib\classes\guava-15.0.jar;C:/Xilinx/Vivado/2015.2\lib\classes\hsqldb.jar;C:/Xilinx/Vivado/2015.2\lib\classes\jdom.jar;C:/Xilinx/Vivado/2015.2\lib\classes\jide-action.jar;C:/Xilinx/Vivado/2015.2\lib\classes\jide-charts.jar;C:/Xilinx/Vivado/2015.2\lib\classes\jide-common.jar;C:/Xilinx/Vivado/2015.2\lib\classes\jide-components.jar;C:/Xilinx/Vivado/2015.2\lib\classes\jide-dashboard.jar;C:/Xilinx/Vivado/2015.2\lib\classes\jide-data.jar;C:/Xilinx/Vivado/2015.2\lib\classes\jide-dialogs.jar;C:/Xilinx/Vivado/2015.2\lib\classes\jide-diff.jar;C:/Xilinx/Vivado/2015.2\lib\classes\jide-dock.jar;C:/Xilinx/Vivado/2015.2\lib\classes\jide-editor.jar;C:/Xilinx/Vivado/2015.2\lib\classes\jide-gantt.jar;C:/Xilinx/Vivado/2015.2\lib\classes\jide-grids.jar;C:/Xilinx/Vivado/2015.2\lib\classes\jide-pivot.jar;C:/Xilin
Launcher Type: generic

Environment Variables:
CLASSPATH=.;C:\Program Files (x86)\QuickTime\QTSystem\QTJava.zip
PATH=C:/Xilinx/Vivado/2015.2/bin;C:/Xilinx/Vivado/2015.2/lib/win64.o;C:/Xilinx/Vivado/2015.2/tps/win64/jre/bin/server;C:/Xilinx/Vivado/2015.2/tps/win64/jre/bin;C:/Xilinx/Vivado/2015.2/ids_lite/ISE/bin/nt64;C:/Xilinx/Vivado/2015.2/ids_lite/ISE/lib/nt64;C:\Program Files (x86)\Microchip\mplabc18\v3.47\mpasm;C:\Program Files (x86)\Microchip\mplabc18\v3.47\bin;C:\Program Files (x86)\HP SimplePass\x64;C:\Program Files (x86)\HP SimplePass\;C:\Program Files (x86)\Intel\iCLS Client\;C:\Program Files\Intel\iCLS Client\;C:\WINDOWS\system32;C:\WINDOWS;C:\WINDOWS\System32\Wbem;C:\WINDOWS\System32\WindowsPowerShell\v1.0\;C:\Program Files\Intel\Intel(R) Management Engine Components\DAL;C:\Program Files\Intel\Intel(R) Management Engine Components\IPT;C:\Program Files (x86)\Intel\Intel(R) Management Engine Components\DAL;C:\Program Files (x86)\Intel\Intel(R) Management Engine Components\IPT;C:\Program Files (x86)\Intel\OpenCL SDK\2.0\bin\x86;C:\Program Files (x86)\Intel\OpenCL SDK\2.0\bin\x64;C:\Program Files (x86)\Windows Live\Shared;C:\Program Files (x86)\QuickTime\QTSystem\;C:\Program Files (x86)\Windows Kits\8.1\Windows Performance Toolkit\;C:\Program Files\Microsoft SQL Server\110\Tools\Binn\;C:\Program Files\Intel\WiFi\bin\;C:\Program Files\Common Files\Intel\WirelessCommon\;C:\Program Files (x86)\Microchip\MPLAB C32 Suite\bin;C:\Program Files (x86)\Skype\Phone\;C:\Program Files\MATLAB\R2012b\runtime\win64;C:\Program Files\MATLAB\R2012b\bin;C:\Cadence\SPB_16.6\tools\pcb\bin;C:\Cadence\SPB_16.6\tools\bin;C:\Cadence\SPB_16.6\tools\libutil\bin;C:\Cadence\SPB_16.6\tools\fet\bin;C:\Cadence\SPB_16.6\tools\specctra\bin;C:\Cadence\SPB_16.6\tools\pspice;C:\Cadence\SPB_16.6\tools\capture;C:\Cadence\SPB_16.6\openaccess\bin\win32\opt;C:\Program Files (x86)\Microchip\mplabc18\v3.47\mpasm;C:\Program Files (x86)\Microchip\mplabc18\v3.47\bin;%USERPROFILE%\AppData\Local\Microsoft\WindowsApps;
USERNAME=David Amin
OS=Windows_NT
PROCESSOR_IDENTIFIER=Intel64 Family 6 Model 58 Stepping 9, GenuineIntel



---------------  S Y S T E M  ---------------

OS: Windows 8 , 64 bit Build 9200 

CPU:total 4 (2 cores per cpu, 2 threads per core) family 6 model 58 stepping 9, cmov, cx8, fxsr, mmx, sse, sse2, sse3, ssse3, sse4.1, sse4.2, popcnt, avx, aes, clmul, erms, ht, tsc, tscinvbit, tscinv

Memory: 4k page, physical 8275228k(4398764k free), swap 9585948k(4680812k free)

vm_info: Java HotSpot(TM) 64-Bit Server VM (25.25-b02) for windows-amd64 JRE (1.8.0_25-b18), built on Oct  7 2014 14:25:37 by "java_re" with MS VC++ 10.0 (VS2010)

time: Sun Feb 05 14:10:50 2017
elapsed time: 3097 seconds (0d 0h 51m 37s)

